0 info it worked if it ends with ok
1 verbose cli [ '/Users/maxim/.nvm/versions/node/v5.9.0/bin/node',
1 verbose cli   '/Users/maxim/.nvm/versions/node/v5.9.0/bin/npm',
1 verbose cli   'install',
1 verbose cli   '-g',
1 verbose cli   'live-server' ]
2 info using npm@3.8.6
3 info using node@v5.9.0
4 silly loadCurrentTree Starting
5 silly install loadCurrentTree
6 silly install readGlobalPackageData
7 silly fetchPackageMetaData live-server
8 silly fetchNamedPackageData live-server
9 silly mapToRegistry name live-server
10 silly mapToRegistry using default registry
11 silly mapToRegistry registry http://localhost:4873/
12 silly mapToRegistry data Result {
12 silly mapToRegistry   raw: 'live-server',
12 silly mapToRegistry   scope: null,
12 silly mapToRegistry   name: 'live-server',
12 silly mapToRegistry   rawSpec: '',
12 silly mapToRegistry   spec: 'latest',
12 silly mapToRegistry   type: 'tag' }
13 silly mapToRegistry uri http://localhost:4873/live-server
14 verbose request uri http://localhost:4873/live-server
15 verbose request no auth needed
16 info attempt registry request try #1 at 2:34:19 PM
17 verbose request id 2b7fc4179ff8431a
18 http request GET http://localhost:4873/live-server
19 http 404 http://localhost:4873/live-server
20 verbose headers { 'x-powered-by': 'Sinopia/1.4.0',
20 verbose headers   'content-type': 'application/json; charset=utf-8',
20 verbose headers   'content-length': '43',
20 verbose headers   etag: 'W/"2b-d418f262"',
20 verbose headers   vary: 'Accept-Encoding',
20 verbose headers   'x-status-cat': 'http://flic.kr/p/aV6juR',
20 verbose headers   date: 'Sat, 14 Jan 2017 14:34:20 GMT',
20 verbose headers   connection: 'keep-alive' }
21 silly get cb [ 404,
21 silly get   { 'x-powered-by': 'Sinopia/1.4.0',
21 silly get     'content-type': 'application/json; charset=utf-8',
21 silly get     'content-length': '43',
21 silly get     etag: 'W/"2b-d418f262"',
21 silly get     vary: 'Accept-Encoding',
21 silly get     'x-status-cat': 'http://flic.kr/p/aV6juR',
21 silly get     date: 'Sat, 14 Jan 2017 14:34:20 GMT',
21 silly get     connection: 'keep-alive' } ]
22 silly fetchPackageMetaData Error: no such package available : live-server
22 silly fetchPackageMetaData     at makeError (/Users/maxim/.nvm/versions/node/v5.9.0/lib/node_modules/npm/node_modules/npm-registry-client/lib/request.js:264:12)
22 silly fetchPackageMetaData     at CachingRegistryClient.<anonymous> (/Users/maxim/.nvm/versions/node/v5.9.0/lib/node_modules/npm/node_modules/npm-registry-client/lib/request.js:252:14)
22 silly fetchPackageMetaData     at Request._callback (/Users/maxim/.nvm/versions/node/v5.9.0/lib/node_modules/npm/node_modules/npm-registry-client/lib/request.js:172:14)
22 silly fetchPackageMetaData     at Request.self.callback (/Users/maxim/.nvm/versions/node/v5.9.0/lib/node_modules/npm/node_modules/request/request.js:199:22)
22 silly fetchPackageMetaData     at emitTwo (events.js:100:13)
22 silly fetchPackageMetaData     at Request.emit (events.js:185:7)
22 silly fetchPackageMetaData     at Request.<anonymous> (/Users/maxim/.nvm/versions/node/v5.9.0/lib/node_modules/npm/node_modules/request/request.js:1036:10)
22 silly fetchPackageMetaData     at emitOne (events.js:95:20)
22 silly fetchPackageMetaData     at Request.emit (events.js:182:7)
22 silly fetchPackageMetaData     at IncomingMessage.<anonymous> (/Users/maxim/.nvm/versions/node/v5.9.0/lib/node_modules/npm/node_modules/request/request.js:963:12)
22 silly fetchPackageMetaData  error for live-server { [Error: no such package available : live-server] pkgid: 'live-server', statusCode: 404, code: 'E404' }
23 silly rollbackFailedOptional Starting
24 silly rollbackFailedOptional Finishing
25 silly runTopLevelLifecycles Starting
26 silly runTopLevelLifecycles Finishing
27 silly install printInstalled
28 verbose stack Error: no such package available : live-server
28 verbose stack     at makeError (/Users/maxim/.nvm/versions/node/v5.9.0/lib/node_modules/npm/node_modules/npm-registry-client/lib/request.js:264:12)
28 verbose stack     at CachingRegistryClient.<anonymous> (/Users/maxim/.nvm/versions/node/v5.9.0/lib/node_modules/npm/node_modules/npm-registry-client/lib/request.js:252:14)
28 verbose stack     at Request._callback (/Users/maxim/.nvm/versions/node/v5.9.0/lib/node_modules/npm/node_modules/npm-registry-client/lib/request.js:172:14)
28 verbose stack     at Request.self.callback (/Users/maxim/.nvm/versions/node/v5.9.0/lib/node_modules/npm/node_modules/request/request.js:199:22)
28 verbose stack     at emitTwo (events.js:100:13)
28 verbose stack     at Request.emit (events.js:185:7)
28 verbose stack     at Request.<anonymous> (/Users/maxim/.nvm/versions/node/v5.9.0/lib/node_modules/npm/node_modules/request/request.js:1036:10)
28 verbose stack     at emitOne (events.js:95:20)
28 verbose stack     at Request.emit (events.js:182:7)
28 verbose stack     at IncomingMessage.<anonymous> (/Users/maxim/.nvm/versions/node/v5.9.0/lib/node_modules/npm/node_modules/request/request.js:963:12)
29 verbose statusCode 404
30 verbose pkgid live-server
31 verbose cwd /Users/maxim/src/currency-converter
32 error Darwin 16.1.0
33 error argv "/Users/maxim/.nvm/versions/node/v5.9.0/bin/node" "/Users/maxim/.nvm/versions/node/v5.9.0/bin/npm" "install" "-g" "live-server"
34 error node v5.9.0
35 error npm  v3.8.6
36 error code E404
37 error 404 no such package available : live-server
38 error 404
39 error 404 'live-server' is not in the npm registry.
40 error 404 You should bug the author to publish it (or use the name yourself!)
41 error 404 Note that you can also install from a
42 error 404 tarball, folder, http url, or git url.
43 verbose exit [ 1, true ]
